Determining if the pthread_create exist failed with the following output:
Change Dir: /home/pc/work/awtk/pc_awtk/awtk/cmake-build-debug/CMakeFiles/CMakeTmp

Run Build Command:"/usr/bin/make" "cmTC_59b94/fast"
/usr/bin/make -f CMakeFiles/cmTC_59b94.dir/build.make CMakeFiles/cmTC_59b94.dir/build
make[1]: Entering directory '/home/pc/work/awtk/pc_awtk/awtk/cmake-build-debug/CMakeFiles/CMakeTmp'
Building C object CMakeFiles/cmTC_59b94.dir/CheckSymbolExists.c.o
/usr/bin/cc   -fPIC    -o CMakeFiles/cmTC_59b94.dir/CheckSymbolExists.c.o   -c /home/pc/work/awtk/pc_awtk/awtk/cmake-build-debug/CMakeFiles/CMakeTmp/CheckSymbolExists.c
Linking C executable cmTC_59b94
/home/pc/software/clion-2018.3.4/bin/cmake/linux/bin/cmake -E cmake_link_script CMakeFiles/cmTC_59b94.dir/link.txt --verbose=1
/usr/bin/cc -fPIC     -rdynamic CMakeFiles/cmTC_59b94.dir/CheckSymbolExists.c.o  -o cmTC_59b94 
CMakeFiles/cmTC_59b94.dir/CheckSymbolExists.c.o：在函数‘main’中：
CheckSymbolExists.c:(.text+0x1b)：对‘pthread_create’未定义的引用
collect2: error: ld returned 1 exit status
CMakeFiles/cmTC_59b94.dir/build.make:86: recipe for target 'cmTC_59b94' failed
make[1]: *** [cmTC_59b94] Error 1
make[1]: Leaving directory '/home/pc/work/awtk/pc_awtk/awtk/cmake-build-debug/CMakeFiles/CMakeTmp'
Makefile:121: recipe for target 'cmTC_59b94/fast' failed
make: *** [cmTC_59b94/fast] Error 2

File /home/pc/work/awtk/pc_awtk/awtk/cmake-build-debug/CMakeFiles/CMakeTmp/CheckSymbolExists.c:
/* */
#include <pthread.h>

int main(int argc, char** argv)
{
  (void)argv;
#ifndef pthread_create
  return ((int*)(&pthread_create))[argc];
#else
  (void)argc;
  return 0;
#endif
}

Determining if the function pthread_create exists in the pthreads failed with the following output:
Change Dir: /home/pc/work/awtk/pc_awtk/awtk/cmake-build-debug/CMakeFiles/CMakeTmp

Run Build Command:"/usr/bin/make" "cmTC_6f166/fast"
/usr/bin/make -f CMakeFiles/cmTC_6f166.dir/build.make CMakeFiles/cmTC_6f166.dir/build
make[1]: Entering directory '/home/pc/work/awtk/pc_awtk/awtk/cmake-build-debug/CMakeFiles/CMakeTmp'
Building C object CMakeFiles/cmTC_6f166.dir/CheckFunctionExists.c.o
/usr/bin/cc   -fPIC -DCHECK_FUNCTION_EXISTS=pthread_create   -o CMakeFiles/cmTC_6f166.dir/CheckFunctionExists.c.o   -c /home/pc/software/clion-2018.3.4/bin/cmake/linux/share/cmake-3.13/Modules/CheckFunctionExists.c
Linking C executable cmTC_6f166
/home/pc/software/clion-2018.3.4/bin/cmake/linux/bin/cmake -E cmake_link_script CMakeFiles/cmTC_6f166.dir/link.txt --verbose=1
/usr/bin/cc -fPIC -DCHECK_FUNCTION_EXISTS=pthread_create    -rdynamic CMakeFiles/cmTC_6f166.dir/CheckFunctionExists.c.o  -o cmTC_6f166 -lpthreads 
/usr/bin/ld: 找不到 -lpthreads
collect2: error: ld returned 1 exit status
CMakeFiles/cmTC_6f166.dir/build.make:86: recipe for target 'cmTC_6f166' failed
make[1]: *** [cmTC_6f166] Error 1
make[1]: Leaving directory '/home/pc/work/awtk/pc_awtk/awtk/cmake-build-debug/CMakeFiles/CMakeTmp'
Makefile:121: recipe for target 'cmTC_6f166/fast' failed
make: *** [cmTC_6f166/fast] Error 2


