Determining if the pthread_create exist failed with the following output:
Change Dir: /home/pc/work/awtk/pc_awtk/awtk/cmake-build-release/CMakeFiles/CMakeTmp

Run Build Command:"/usr/bin/make" "cmTC_1048c/fast"
/usr/bin/make -f CMakeFiles/cmTC_1048c.dir/build.make CMakeFiles/cmTC_1048c.dir/build
make[1]: Entering directory '/home/pc/work/awtk/pc_awtk/awtk/cmake-build-release/CMakeFiles/CMakeTmp'
Building C object CMakeFiles/cmTC_1048c.dir/CheckSymbolExists.c.o
/usr/bin/cc   -fPIC    -o CMakeFiles/cmTC_1048c.dir/CheckSymbolExists.c.o   -c /home/pc/work/awtk/pc_awtk/awtk/cmake-build-release/CMakeFiles/CMakeTmp/CheckSymbolExists.c
Linking C executable cmTC_1048c
/home/pc/software/clion-2018.3.4/bin/cmake/linux/bin/cmake -E cmake_link_script CMakeFiles/cmTC_1048c.dir/link.txt --verbose=1
/usr/bin/cc -fPIC     -rdynamic CMakeFiles/cmTC_1048c.dir/CheckSymbolExists.c.o  -o cmTC_1048c 
CMakeFiles/cmTC_1048c.dir/CheckSymbolExists.c.o：在函数‘main’中：
CheckSymbolExists.c:(.text+0x1b)：对‘pthread_create’未定义的引用
collect2: error: ld returned 1 exit status
CMakeFiles/cmTC_1048c.dir/build.make:86: recipe for target 'cmTC_1048c' failed
make[1]: *** [cmTC_1048c] Error 1
make[1]: Leaving directory '/home/pc/work/awtk/pc_awtk/awtk/cmake-build-release/CMakeFiles/CMakeTmp'
Makefile:121: recipe for target 'cmTC_1048c/fast' failed
make: *** [cmTC_1048c/fast] Error 2

File /home/pc/work/awtk/pc_awtk/awtk/cmake-build-release/CMakeFiles/CMakeTmp/CheckSymbolExists.c:
/* */
#include <pthread.h>

int main(int argc, char** argv)
{
  (void)argv;
#ifndef pthread_create
  return ((int*)(&pthread_create))[argc];
#else
  (void)argc;
  return 0;
#endif
}

Determining if the function pthread_create exists in the pthreads failed with the following output:
Change Dir: /home/pc/work/awtk/pc_awtk/awtk/cmake-build-release/CMakeFiles/CMakeTmp

Run Build Command:"/usr/bin/make" "cmTC_35156/fast"
/usr/bin/make -f CMakeFiles/cmTC_35156.dir/build.make CMakeFiles/cmTC_35156.dir/build
make[1]: Entering directory '/home/pc/work/awtk/pc_awtk/awtk/cmake-build-release/CMakeFiles/CMakeTmp'
Building C object CMakeFiles/cmTC_35156.dir/CheckFunctionExists.c.o
/usr/bin/cc   -fPIC -DCHECK_FUNCTION_EXISTS=pthread_create   -o CMakeFiles/cmTC_35156.dir/CheckFunctionExists.c.o   -c /home/pc/software/clion-2018.3.4/bin/cmake/linux/share/cmake-3.13/Modules/CheckFunctionExists.c
Linking C executable cmTC_35156
/home/pc/software/clion-2018.3.4/bin/cmake/linux/bin/cmake -E cmake_link_script CMakeFiles/cmTC_35156.dir/link.txt --verbose=1
/usr/bin/cc -fPIC -DCHECK_FUNCTION_EXISTS=pthread_create    -rdynamic CMakeFiles/cmTC_35156.dir/CheckFunctionExists.c.o  -o cmTC_35156 -lpthreads 
/usr/bin/ld: 找不到 -lpthreads
collect2: error: ld returned 1 exit status
CMakeFiles/cmTC_35156.dir/build.make:86: recipe for target 'cmTC_35156' failed
make[1]: *** [cmTC_35156] Error 1
make[1]: Leaving directory '/home/pc/work/awtk/pc_awtk/awtk/cmake-build-release/CMakeFiles/CMakeTmp'
Makefile:121: recipe for target 'cmTC_35156/fast' failed
make: *** [cmTC_35156/fast] Error 2


